<?xml version="1.0" encoding="UTF-8"?>
<!-- Generated by org.testng.reporters.JUnitXMLReporter -->
<testsuite ignored="5" hostname="MUM-082023-0496" failures="0" tests="1" name="Default test" time="3.809" errors="0" timestamp="2024-06-11T12:06:58 IST">
  <testcase classname="com.api.demo.test.DemoTest1" name="getResponseTime" time="3.75"/>
  <testcase classname="com.api.demo.test.DemoTest1" name="getContentFromAPI" time="0.0">
    <ignored/>
  </testcase> <!-- getContentFromAPI -->
  <testcase classname="com.api.demo.test.DemoTest1" name="getResponseBodyWithStatusCode" time="0.0">
    <ignored/>
  </testcase> <!-- getResponseBodyWithStatusCode -->
  <testcase classname="com.api.demo.test.DemoTest1" name="getResponseBody" time="0.0">
    <ignored/>
  </testcase> <!-- getResponseBody -->
  <testcase classname="com.api.demo.test.DemoTest1" name="getResponseBodyWithParam" time="0.0">
    <ignored/>
  </testcase> <!-- getResponseBodyWithParam -->
  <testcase classname="com.api.demo.test.DemoTest1" name="getHeadersFromAPI" time="0.0">
    <ignored/>
  </testcase> <!-- getHeadersFromAPI -->
</testsuite> <!-- Default test -->
