<?xml version="1.0" encoding="UTF-8"?>
<!-- Generated by org.testng.reporters.JUnitXMLReporter -->
<testsuite ignored="0" hostname="MUM-082023-0496" failures="0" tests="5" name="Test" time="15.652" errors="0" timestamp="2024-04-24T17:24:26 IST">
  <testcase classname="com.api.automation.ewb.test.AuthenticationTest" name="getAuthToken" time="2.107"/>
  <testcase classname="com.api.automation.ewb.test.GenerateEwayBill" name="generateEwayBill" time="8.492"/>
  <testcase classname="com.api.automation.ewb.test.GetEwayBillDetailsTest" name="getEwaybillDetails" time="0.448"/>
  <testcase classname="com.api.automation.ewb.test.EwayBillUpdateVehicleTest" name="updateVehicle" time="1.087"/>
  <testcase classname="com.api.automation.ewb.test.EwayBillupdateTransporterTest" name="updateTransporter" time="3.433"/>
</testsuite> <!-- Test -->
