<?xml version="1.0" encoding="UTF-8"?>
<testng-results ignored="0" total="1" passed="1" failed="0" skipped="0">
  <reporter-output>
  </reporter-output>
  <suite started-at="2024-06-11T12:06:54 IST" name="Default suite" finished-at="2024-06-11T12:06:57 IST" duration-ms="3809">
    <groups>
    </groups>
    <test started-at="2024-06-11T12:06:54 IST" name="Default test" finished-at="2024-06-11T12:06:57 IST" duration-ms="3809">
      <class name="com.api.demo.test.DemoTest1">
        <test-method signature="getResponseTime()[pri:0, instance:com.api.demo.test.DemoTest1@173ed316]" started-at="2024-06-11T12:06:54 IST" name="getResponseTime" finished-at="2024-06-11T12:06:57 IST" duration-ms="3750" status="PASS">
          <reporter-output>
          </reporter-output>
        </test-method> <!-- getResponseTime -->
      </class> <!-- com.api.demo.test.DemoTest1 -->
    </test> <!-- Default test -->
  </suite> <!-- Default suite -->
</testng-results>
