<?xml version="1.0" encoding="UTF-8"?>
<!-- Generated by org.testng.reporters.JUnitXMLReporter -->
<testsuite ignored="0" hostname="MUM-102023-0671" failures="1" tests="3" name="Test Basics 1" time="2.506" errors="0" timestamp="2024-02-05T15:06:46 IST">
  <testcase classname="com.ondc.api.personal.loan.PersonalLoanWorkFlow" name="verifyPostOnSearchRequest" time="1.87"/>
  <testcase classname="com.ondc.api.personal.loan.PersonalLoanWorkFlow" name="verifyPostSearchRequest" time="0.22"/>
  <testcase classname="com.ondc.api.personal.loan.PersonalLoanWorkFlow" name="verifyPostSelectRequest" time="0.376">
    <failure type="java.lang.AssertionError" message="The following asserts failed:
	Api is not returing the success response expected [200] but found [400],
	There is issue with Api as Acknowlegment is not received expected [ACK] but found [NACK]">
      <![CDATA[java.lang.AssertionError: The following asserts failed:
Api is not returing the success response expected [200] but found [400],
There is issue with Api as Acknowlegment is not received expected [ACK] but found [NACK]
at com.ondc.api.personal.loan.PersonalLoanWorkFlow.verifyPostSelectRequest(PersonalLoanWorkFlow.java:80)
at java.base/java.util.ArrayList.forEach(ArrayList.java:1511)
... Removed 29 stack frames]]>
    </failure>
  </testcase> <!-- verifyPostSelectRequest -->
</testsuite> <!-- Test Basics 1 -->
